<?xml version="1.0" encoding="UTF-8" ?>
<testsuite tests="5" failures="0" name="br.com.fiap.RunCucumberTest" time="54.874" errors="0" skipped="0">
  <properties>
    <property name="java.runtime.name" value="Java(TM) SE Runtime Environment"/>
    <property name="sun.boot.library.path" value="C:\Program Files\Java\jdk1.8.0_212\jre\bin"/>
    <property name="java.vm.version" value="25.212-b10"/>
    <property name="java.vm.vendor" value="Oracle Corporation"/>
    <property name="maven.multiModuleProjectDirectory" value="C:\Users\rafae\Desktop\FIAP\fiap-microservices-bdd-tdd\fiap-cucumber"/>
    <property name="java.vendor.url" value="http://java.oracle.com/"/>
    <property name="path.separator" value=";"/>
    <property name="guice.disable.misplaced.annotation.check" value="true"/>
    <property name="java.vm.name" value="Java HotSpot(TM) 64-Bit Server VM"/>
    <property name="file.encoding.pkg" value="sun.io"/>
    <property name="user.script" value=""/>
    <property name="user.country" value="BR"/>
    <property name="sun.java.launcher" value="SUN_STANDARD"/>
    <property name="sun.os.patch.level" value=""/>
    <property name="java.vm.specification.name" value="Java Virtual Machine Specification"/>
    <property name="user.dir" value="C:\Users\rafae\Desktop\FIAP\fiap-microservices-bdd-tdd\fiap-cucumber"/>
    <property name="java.runtime.version" value="1.8.0_212-b10"/>
    <property name="java.awt.graphicsenv" value="sun.awt.Win32GraphicsEnvironment"/>
    <property name="java.endorsed.dirs" value="C:\Program Files\Java\jdk1.8.0_212\jre\lib\endorsed"/>
    <property name="os.arch" value="amd64"/>
    <property name="java.io.tmpdir" value="C:\Users\rafae\AppData\Local\Temp\"/>
    <property name="line.separator" value="
"/>
    <property name="java.vm.specification.vendor" value="Oracle Corporation"/>
    <property name="user.variant" value=""/>
    <property name="os.name" value="Windows 10"/>
    <property name="classworlds.conf" value="C:\JavaRepositories\Maven\apache-maven-3.6.1\bin\..\bin\m2.conf"/>
    <property name="sun.jnu.encoding" value="Cp1252"/>
    <property name="java.library.path" value="C:\Program Files\Java\jdk1.8.0_212\bin;C:\WINDOWS\Sun\Java\bin;C:\WINDOWS\system32;C:\WINDOWS;C:\Program Files\Git\mingw64\bin;C:\Program Files\Git\usr\bin;C:\Users\rafae\bin;C:\Windows\System32;C:\Program Files\Java\jdk1.8.0_212\bin;C:\Users\rafae\AppData\Local\Programs\Python\Python37\Scripts\;C:\Users\rafae\AppData\Local\Programs\Python\Python37\;C:\Users\rafae\AppData\Local\Programs\Python\Python36-32\Scripts\;C:\Users\rafae\AppData\Local\Programs\Python\Python36-32\;C:\Users\rafae\AppData\Local\Microsoft\WindowsApps;C:\Program Files\Microsoft VS Code\bin;C:\Program Files\Docker Toolbox;C:\Users\rafae\.dotnet\tools;C:\JavaRepositories\Gradle\gradle-5.4.1\bin;C:\Users\rafae\AppData\Roaming\npm;C:\Users\rafae\.flutter\bin;C:\Program Files\heroku\bin;%USERPROFILE%\AppData\Local\Microsoft\WindowsApps;C:\JavaRepositories\Maven\apache-maven-3.6.1\bin;."/>
    <property name="maven.conf" value="C:\JavaRepositories\Maven\apache-maven-3.6.1\bin\../conf"/>
    <property name="java.specification.name" value="Java Platform API Specification"/>
    <property name="java.class.version" value="52.0"/>
    <property name="sun.management.compiler" value="HotSpot 64-Bit Tiered Compilers"/>
    <property name="os.version" value="10.0"/>
    <property name="library.jansi.path" value="C:\JavaRepositories\Maven\apache-maven-3.6.1\bin\..\lib\jansi-native"/>
    <property name="user.home" value="C:\Users\rafae"/>
    <property name="user.timezone" value="America/Sao_Paulo"/>
    <property name="java.awt.printerjob" value="sun.awt.windows.WPrinterJob"/>
    <property name="java.specification.version" value="1.8"/>
    <property name="file.encoding" value="Cp1252"/>
    <property name="user.name" value="rafae"/>
    <property name="java.class.path" value="C:\JavaRepositories\Maven\apache-maven-3.6.1\bin\..\boot\plexus-classworlds-2.6.0.jar"/>
    <property name="org.slf4j.simpleLogger.defaultLogLevel" value="error"/>
    <property name="java.vm.specification.version" value="1.8"/>
    <property name="sun.arch.data.model" value="64"/>
    <property name="java.home" value="C:\Program Files\Java\jdk1.8.0_212\jre"/>
    <property name="sun.java.command" value="org.codehaus.plexus.classworlds.launcher.Launcher test -f c:\Users\rafae\Desktop\FIAP\fiap-microservices-bdd-tdd\fiap-cucumber\pom.xml -q"/>
    <property name="java.specification.vendor" value="Oracle Corporation"/>
    <property name="user.language" value="pt"/>
    <property name="awt.toolkit" value="sun.awt.windows.WToolkit"/>
    <property name="java.vm.info" value="mixed mode"/>
    <property name="java.version" value="1.8.0_212"/>
    <property name="java.ext.dirs" value="C:\Program Files\Java\jdk1.8.0_212\jre\lib\ext;C:\WINDOWS\Sun\Java\lib\ext"/>
    <property name="sun.boot.class.path" value="C:\Program Files\Java\jdk1.8.0_212\jre\lib\resources.jar;C:\Program Files\Java\jdk1.8.0_212\jre\lib\rt.jar;C:\Program Files\Java\jdk1.8.0_212\jre\lib\sunrsasign.jar;C:\Program Files\Java\jdk1.8.0_212\jre\lib\jsse.jar;C:\Program Files\Java\jdk1.8.0_212\jre\lib\jce.jar;C:\Program Files\Java\jdk1.8.0_212\jre\lib\charsets.jar;C:\Program Files\Java\jdk1.8.0_212\jre\lib\jfr.jar;C:\Program Files\Java\jdk1.8.0_212\jre\classes"/>
    <property name="sun.stderr.encoding" value="cp850"/>
    <property name="java.vendor" value="Oracle Corporation"/>
    <property name="maven.home" value="C:\JavaRepositories\Maven\apache-maven-3.6.1\bin\.."/>
    <property name="file.separator" value="\"/>
    <property name="java.vendor.url.bug" value="http://bugreport.sun.com/bugreport/"/>
    <property name="sun.cpu.endian" value="little"/>
    <property name="sun.io.unicode.encoding" value="UnicodeLittle"/>
    <property name="sun.stdout.encoding" value="cp850"/>
    <property name="sun.desktop" value="windows"/>
    <property name="sun.cpu.isalist" value="amd64"/>
  </properties>
  <testcase classname="Venda de produtos para Loja" name="Cliente quer verificar disponibilidade de um produto" time="15.649"/>
  <testcase classname="Venda de produtos para Loja" name="Cliente quer verificar disponibilidade de um produto" time="9.942"/>
  <testcase classname="Venda de produtos para Loja" name="Cliente quer verificar disponibilidade de um produto" time="9.79"/>
  <testcase classname="Venda de produtos para Loja" name="Cliente quer verificar disponibilidade de um produto" time="9.638"/>
  <testcase classname="Venda de produtos para Loja" name="Cliente quer verificar disponibilidade de um produto" time="9.855"/>
</testsuite>